<?xml version="1.0" encoding="UTF-8"?>
<!-- Generated by org.testng.reporters.JUnitReportReporter -->
<testsuite skipped="0" hostname="aulae205-21" name="co.unbosque.isii.calculadora_pruebas.NewTest" tests="1" failures="0" timestamp="18 ago 2017 01:35:51 GMT" time="0.008" errors="0">
  <testcase name="laSeparacionDeOperadoresExiste" time="0.008" classname="co.unbosque.isii.calculadora_pruebas.NewTest"/>
</testsuite> <!-- co.unbosque.isii.calculadora_pruebas.NewTest -->
